build/app/outputs/mapping/release/seeds.txt
com.example.pet_adoption.MainActivity
com.example.pet_adoption.MainActivity: MainActivity()
...
androidx.window.embedding.EmbeddingAdapter: boolean translateActivityPredicates$lambda-6(java.util.Set,android.app.Activity)
androidx.window.layout.ExtensionsWindowLayoutInfoAdapter: androidx.window.layout.WindowLayoutInfo translate$window_release(android.app.Activity,androidx.window.extensions.layout.WindowLayoutInfo)
androidx.window.layout.ExtensionInterfaceCompat$ExtensionCallbackInterface: void onWindowLayoutChanged(android.app.Activity,androidx.window.layout.WindowLayoutInfo)
io.flutter.embedding.engine.FlutterJNI: void asyncWaitForVsync(long)
io.flutter.embedding.engine.FlutterJNI: void attachToNative()
androidx.window.embedding.EmbeddingBackend: void registerSplitListenerForActivity(android.app.Activity,java.util.concurrent.Executor,androidx.core.util.Consumer)
io.flutter.embedding.engine.systemchannels.PlatformChannel$HapticFeedbackType: io.flutter.embedding.engine.systemchannels.PlatformChannel$HapticFeedbackType[] values()
androidx.window.embedding.ActivityFilter: boolean matchesIntent(android.content.Intent)
io.flutter.embedding.engine.mutatorsstack.FlutterMutatorsStack: void pushTransform(float[])
androidx.window.embedding.SplitPairFilter: SplitPairFilter(android.content.ComponentName,android.content.ComponentName,java.lang.String)
io.flutter.embedding.engine.systemchannels.PlatformViewsChannel$PlatformViewCreationRequest$RequestedDisplayMode: io.flutter.embedding.engine.systemchannels.PlatformViewsChannel$PlatformViewCreationRequest$RequestedDisplayMode valueOf(java.lang.String)
io.flutter.embedding.engine.renderer.SurfaceTextureWrapper: SurfaceTextureWrapper(android.graphics.SurfaceTexture,java.lang.Runnable)
androidx.window.embedding.EmbeddingAdapter: java.util.function.Predicate translateIntentPredicates(java.util.Set)
androidx.window.embedding.SplitPairFilter: boolean matchesActivityIntentPair(android.app.Activity,android.content.Intent)
androidx.window.layout.SidecarCompat: androidx.window.layout.ExtensionInterfaceCompat$ExtensionCallbackInterface access$getExtensionCallback$p(androidx.window.layout.SidecarCompat)
io.flutter.embedding.android.DrawableSplashScreen$DrawableSplashScreenView: void setSplashDrawable(android.graphics.drawable.Drawable)
androidx.window.embedding.SplitController: java.util.Set getSplitRules()
androidx.window.R$id: R$id()
androidx.window.layout.SidecarAdapter: SidecarAdapter()
androidx.arch.core.internal.SafeIterableMap: SafeIterableMap()
io.flutter.embedding.engine.systemchannels.PlatformChannel$Brightness: io.flutter.embedding.engine.systemchannels.PlatformChannel$Brightness valueOf(java.lang.String)
io.flutter.view.AccessibilityViewEmbedder: android.view.accessibility.AccessibilityNodeInfo convertToFlutterNode(android.view.accessibility.AccessibilityNodeInfo,int,android.view.View)
androidx.collection.SimpleArrayMap: SimpleArrayMap()
io.flutter.embedding.engine.FlutterJNI: void nativeCleanupMessageData(long)
androidx.window.layout.SidecarWindowBackend$ExtensionListenerImpl: void onWindowLayoutChanged(android.app.Activity,androidx.window.layout.WindowLayoutInfo)
io.flutter.embedding.android.FlutterTextureView: void setRenderSurface(android.view.Surface)
kotlinx.coroutines.CancelHandlerBase: CancelHandlerBase()
androidx.window.layout.ExtensionsWindowLayoutInfoAdapter: androidx.window.layout.FoldingFeature translate$window_release(android.app.Activity,androidx.window.extensions.layout.FoldingFeature)
androidx.window.layout.SidecarWindowBackend$WindowLayoutChangeCallbackWrapper: androidx.core.util.Consumer getCallback()
androidx.window.layout.WindowMetricsCalculator$Companion$reset$1: androidx.window.layout.WindowMetricsCalculator invoke(androidx.window.layout.WindowMetricsCalculator)
androidx.window.layout.WindowInfoTrackerImpl$windowLayoutInfo$1: WindowInfoTrackerImpl$windowLayoutInfo$1(androidx.window.layout.WindowInfoTrackerImpl,android.app.Activity,kotlin.coroutines.Continuation)
io.flutter.embedding.engine.FlutterJNI: java.lang.String getObservatoryUri()