build/app/outputs/mapping/release/mapping.txt
# compiler: R8
# compiler_version: 3.3.70
# min_api: 16
# common_typos_disable
# {"id":"com.android.tools.r8.mapping","version":"2.0"}
# pg_map_id: 976b99d
# pg_map_hash: SHA-256 976b99de09274e736d6734a96d4b70af55a6c432a56f62e0e02304a593e56cf8
...
android.view.ViewStructure -> android.view.ViewStructure:
# {"id":"com.android.tools.r8.synthesized"}
    void <clinit>() -> <clinit>
      # {"id":"com.android.tools.r8.synthesized"}
    int addChildCount(int) -> addChildCount
      # {"id":"com.android.tools.r8.synthesized"}
    android.view.ViewStructure newChild(int) -> newChild
      # {"id":"com.android.tools.r8.synthesized"}
    void setDimens(int,int,int,int,int,int) -> setDimens
      # {"id":"com.android.tools.r8.synthesized"}
    void setHint(java.lang.CharSequence) -> setHint
      # {"id":"com.android.tools.r8.synthesized"}
    void setVisibility(int) -> setVisibility
      # {"id":"com.android.tools.r8.synthesized"}
android.view.WindowInsets -> android.view.WindowInsets:
# {"id":"com.android.tools.r8.synthesized"}
    void <clinit>() -> <clinit>
      # {"id":"com.android.tools.r8.synthesized"}
    int getSystemWindowInsetBottom() -> getSystemWindowInsetBottom
      # {"id":"com.android.tools.r8.synthesized"}
    int getSystemWindowInsetLeft() -> getSystemWindowInsetLeft
      # {"id":"com.android.tools.r8.synthesized"}
    int getSystemWindowInsetRight() -> getSystemWindowInsetRight
      # {"id":"com.android.tools.r8.synthesized"}
    int getSystemWindowInsetTop() -> getSystemWindowInsetTop
      # {"id":"com.android.tools.r8.synthesized"}
android.view.WindowInsets$Builder -> android.view.WindowInsets$Builder:
# {"id":"com.android.tools.r8.synthesized"}
    void <clinit>() -> <clinit>
      # {"id":"com.android.tools.r8.synthesized"}
    void <init>(android.view.WindowInsets) -> <init>
      # {"id":"com.android.tools.r8.synthesized"}
    android.view.WindowInsets build() -> build
      # {"id":"com.android.tools.r8.synthesized"}
android.view.WindowInsets$Type -> android.view.WindowInsets$Type:
# {"id":"com.android.tools.r8.synthesized"}
    void <clinit>() -> <clinit>
      # {"id":"com.android.tools.r8.synthesized"}
    int ime() -> ime
      # {"id":"com.android.tools.r8.synthesized"}
    int navigationBars() -> navigationBars
      # {"id":"com.android.tools.r8.synthesized"}
    int statusBars() -> statusBars
      # {"id":"com.android.tools.r8.synthesized"}
    int systemGestures() -> systemGestures
      # {"id":"com.android.tools.r8.synthesized"}
android.view.WindowInsetsAnimation -> android.view.WindowInsetsAnimation:
# {"id":"com.android.tools.r8.synthesized"}
    void <clinit>() -> <clinit>
      # {"id":"com.android.tools.r8.synthesized"}
    int getTypeMask() -> getTypeMask
      # {"id":"com.android.tools.r8.synthesized"}
android.view.WindowInsetsAnimation$Callback -> android.view.WindowInsetsAnimation$Callback:
# {"id":"com.android.tools.r8.synthesized"}
    void <clinit>() -> <clinit>
      # {"id":"com.android.tools.r8.synthesized"}
    void <init>(int) -> <init>
      # {"id":"com.android.tools.r8.synthesized"}
android.view.WindowInsetsController -> android.view.WindowInsetsController:
# {"id":"com.android.tools.r8.synthesized"}
    void <clinit>() -> <clinit>
      # {"id":"com.android.tools.r8.synthesized"}
    void setSystemBarsAppearance(int,int) -> setSystemBarsAppearance
      # {"id":"com.android.tools.r8.synthesized"}
android.view.WindowMetrics -> android.view.WindowMetrics:
# {"id":"com.android.tools.r8.synthesized"}
    void <clinit>() -> <clinit>
      # {"id":"com.android.tools.r8.synthesized"}
    android.graphics.Rect getBounds() -> getBounds
      # {"id":"com.android.tools.r8.synthesized"}
android.view.accessibility.AccessibilityManager$TouchExplorationStateChangeListener -> android.view.accessibility.AccessibilityManager$TouchExplorationStateChangeListener:
# {"id":"com.android.tools.r8.synthesized"}
    void <clinit>() -> <clinit>
      # {"id":"com.android.tools.r8.synthesized"}
    void onTouchExplorationStateChanged(boolean) -> onTouchExplorationStateChanged
      # {"id":"com.android.tools.r8.synthesized"}