build/app/outputs/mapping/release/usage.txt
com.example.pet_adoption.BuildConfig
com.example.pet_adoption.R$attr
com.example.pet_adoption.R$color
com.example.pet_adoption.R$dimen
com.example.pet_adoption.R$drawable
com.example.pet_adoption.R$id
com.example.pet_adoption.R$integer
com.example.pet_adoption.R$layout
com.example.pet_adoption.R$mipmap
com.example.pet_adoption.R$string
com.example.pet_adoption.R$style
com.example.pet_adoption.R$styleable
com.example.pet_adoption.R
...
dev.isar.isar_flutter_libs.R$style
dev.isar.isar_flutter_libs.R$styleable
dev.isar.isar_flutter_libs.R
io.flutter.BuildConfig
io.flutter.FlutterInjector$Builder:
    public io.flutter.FlutterInjector$Builder setDeferredComponentManager(io.flutter.embedding.engine.deferredcomponents.DeferredComponentManager)
    public io.flutter.FlutterInjector$Builder setExecutorService(java.util.concurrent.ExecutorService)
    public io.flutter.FlutterInjector$Builder setFlutterJNIFactory(io.flutter.embedding.engine.FlutterJNI$Factory)
    public io.flutter.FlutterInjector$Builder setFlutterLoader(io.flutter.embedding.engine.loader.FlutterLoader)
io.flutter.FlutterInjector:
    public static void reset()
    public static void setInstance(io.flutter.FlutterInjector)
io.flutter.Log:
    public void <init>()
    public static void d(java.lang.String,java.lang.String,java.lang.Throwable)
    public static void i(java.lang.String,java.lang.String,java.lang.Throwable)
    public static void println(int,java.lang.String,java.lang.String)
    public static void setLogLevel(int)
    public static void v(java.lang.String,java.lang.String,java.lang.Throwable)
    public static void wtf(java.lang.String,java.lang.String)
    public static void wtf(java.lang.String,java.lang.String,java.lang.Throwable)
io.flutter.app.FlutterActivity
io.flutter.app.FlutterActivityDelegate$1$1
io.flutter.app.FlutterActivityDelegate$1
io.flutter.app.FlutterActivityDelegate$ViewFactory
io.flutter.app.FlutterActivityDelegate
io.flutter.app.FlutterActivityEvents
io.flutter.app.FlutterApplication
io.flutter.app.FlutterFragmentActivity
io.flutter.app.FlutterPlayStoreSplitApplication
io.flutter.app.FlutterPluginRegistry$FlutterRegistrar
io.flutter.app.FlutterPluginRegistry
io.flutter.embedding.android.AndroidTouchProcessor$PointerChange
io.flutter.embedding.android.AndroidTouchProcessor$PointerDeviceKind
io.flutter.embedding.android.AndroidTouchProcessor$PointerPreferredStylusAuxiliaryAction
io.flutter.embedding.android.AndroidTouchProcessor$PointerSignalKind
io.flutter.embedding.android.AndroidTouchProcessor:
    static final int BYTES_PER_FIELD
    private static final int POINTER_DATA_FIELD_COUNT
    private static final int POINTER_DATA_FLAG_BATCHED
io.flutter.embedding.android.DrawableSplashScreen$DrawableSplashScreenView:
    public void <init>(android.content.Context,android.util.AttributeSet)
io.flutter.embedding.android.FlutterActivity$CachedEngineIntentBuilder
io.flutter.embedding.android.FlutterActivity$NewEngineInGroupIntentBuilder
io.flutter.embedding.android.FlutterActivity$NewEngineIntentBuilder
io.flutter.embedding.android.FlutterActivity:
    private static final java.lang.String TAG
    public static android.content.Intent createDefaultIntent(android.content.Context)
    public io.flutter.embedding.android.ExclusiveAppComponent getExclusiveAppComponent()
    void setDelegate(io.flutter.embedding.android.FlutterActivityAndFragmentDelegate)
    public void updateSystemUiOverlays()
    public static io.flutter.embedding.android.FlutterActivity$CachedEngineIntentBuilder withCachedEngine(java.lang.String)
    public static io.flutter.embedding.android.FlutterActivity$NewEngineIntentBuilder withNewEngine()
    public static io.flutter.embedding.android.FlutterActivity$NewEngineInGroupIntentBuilder withNewEngineInGroup(java.lang.String)
io.flutter.embedding.android.FlutterActivityAndFragmentDelegate$DelegateFactory
io.flutter.embedding.android.FlutterActivityAndFragmentDelegate$Host:
    public abstract io.flutter.embedding.android.ExclusiveAppComponent getExclusiveAppComponent()
    public abstract void updateSystemUiOverlays()
io.flutter.embedding.android.FlutterActivityAndFragmentDelegate:
    private static final int FLUTTER_SPLASH_VIEW_FALLBACK_ID
    private static final java.lang.String FRAMEWORK_RESTORATION_BUNDLE_KEY
    private static final java.lang.String PLUGINS_RESTORATION_BUNDLE_KEY
    private static final java.lang.String TAG